1063f92|9643488|3c9e517|2020-11-08 11:35:29 -0800|kationne@gmail.com|kat rivas|2020-11-08 11:35:29 -0800|kationne@gmail.com|kat rivas||will-this-finally-work-for-correlation-table|will this finally work for correlation table|	 1 file changed, 3 insertions(+)	
3c9e517|b05450f|8092b4e|2020-11-08 11:13:50 -0800|kationne@gmail.com|kat rivas|2020-11-08 11:13:50 -0800|kationne@gmail.com|kat rivas||a|a|	 1 file changed, 19 insertions(+), 2 deletions(-)	
8092b4e|722ba3d|f68f152|2020-11-08 11:11:37 -0800|kationne@gmail.com|kat rivas|2020-11-08 11:11:37 -0800|kationne@gmail.com|kat rivas||i|i|	 1 file changed, 1 insertion(+), 17 deletions(-)	
f68f152|21b5d2f|e1e539e|2020-11-08 11:00:54 -0800|kationne@gmail.com|kat rivas|2020-11-08 11:00:54 -0800|kationne@gmail.com|kat rivas||a|a|	 1 file changed, 7 insertions(+), 7 deletions(-)	
e1e539e|3f6bd04|637e811|2020-11-08 10:45:35 -0800|kationne@gmail.com|kat rivas|2020-11-08 10:45:35 -0800|kationne@gmail.com|kat rivas||a|a|	 1 file changed, 15 insertions(+), 15 deletions(-)	
637e811|5602fa3|cb3d148|2020-11-08 10:37:30 -0800|kationne@gmail.com|kat rivas|2020-11-08 10:37:30 -0800|kationne@gmail.com|kat rivas||argh|argh|	 1 file changed, 3 insertions(+), 3 deletions(-)	
cb3d148|392b2c8|baf223a|2020-11-08 10:22:29 -0800|kationne@gmail.com|kat rivas|2020-11-08 10:22:29 -0800|kationne@gmail.com|kat rivas||argh|argh|	 1 file changed, 32 insertions(+), 32 deletions(-)	
baf223a|447eaa2|2925798|2020-11-08 10:00:51 -0800|kationne@gmail.com|kat rivas|2020-11-08 10:00:51 -0800|kationne@gmail.com|kat rivas||argh|argh|	 1 file changed, 1 insertion(+), 1 deletion(-)	
2925798|ce5db44|5689620|2020-11-08 09:55:20 -0800|kationne@gmail.com|kat rivas|2020-11-08 09:55:20 -0800|kationne@gmail.com|kat rivas||argh|argh|	 1 file changed, 1 insertion(+), 1 deletion(-)	
5689620|7911c5b|c9f5da8|2020-11-08 09:52:42 -0800|kationne@gmail.com|kat rivas|2020-11-08 09:52:42 -0800|kationne@gmail.com|kat rivas||argh|argh|	 1 file changed, 1 insertion(+), 1 deletion(-)	
c9f5da8|3574436|3c6fe71|2020-11-08 09:47:07 -0800|kationne@gmail.com|kat rivas|2020-11-08 09:47:07 -0800|kationne@gmail.com|kat rivas||working|working...|	 1 file changed, 9 insertions(+), 9 deletions(-)	
3c6fe71|7dd4f90|d52446e|2020-11-08 09:44:46 -0800|kationne@gmail.com|kat rivas|2020-11-08 09:44:46 -0800|kationne@gmail.com|kat rivas||working|working...|	 8 files changed, 1736 insertions(+), 58 deletions(-)	
d52446e|6a69f60|9d46038|2020-11-07 22:44:18 -0800|kationne@gmail.com|kat rivas|2020-11-07 22:44:18 -0800|kationne@gmail.com|kat rivas||working|working...|	 1 file changed, 1 deletion(-)	
9d46038|892c763|6e08926|2020-11-07 22:41:59 -0800|kationne@gmail.com|kat rivas|2020-11-07 22:41:59 -0800|kationne@gmail.com|kat rivas||working-on-project-measure|working on project measure|	 1 file changed, 3 insertions(+), 2 deletions(-)	
6e08926|8b910ad|3e5349a|2020-11-07 22:33:43 -0800|kationne@gmail.com|kat rivas|2020-11-07 22:33:43 -0800|kationne@gmail.com|kat rivas||working-on-project-measure|working on project measure|	 2 files changed, 65 insertions(+), 1 deletion(-)	
3e5349a|620563e|ff22797|2020-11-07 22:00:39 -0800|kationne@gmail.com|kat rivas|2020-11-07 22:00:39 -0800|kationne@gmail.com|kat rivas||working-on-project-measure|working on project measure|	 24 files changed, 5318 insertions(+)	
ff22797|b4dc13f|98a6321|2020-10-26 10:42:50 -0700|kationne@gmail.com|kat rivas|2020-10-26 10:42:50 -0700|kationne@gmail.com|kat rivas||midterm-upload|midterm upload|	 10 files changed, 10080 insertions(+)	
98a6321|017921e|571d050|2020-09-21 20:55:09 -0700|kationne@gmail.com|kat rivas|2020-09-21 20:55:09 -0700|kationne@gmail.com|kat rivas||final-WK-03-datasets-assignments-revisited|final WK 03 datasets assignments revisited|	 6 files changed, 236 insertions(+), 21 deletions(-)	
571d050|9a0c090|9eb9adb|2020-09-21 15:48:00 -0700|kationne@gmail.com|kat rivas|2020-09-21 15:48:00 -0700|kationne@gmail.com|kat rivas||added-Z-Score-function-to-summary-stat|added Z Score function to summary-stat|	 2 files changed, 25 insertions(+), 3 deletions(-)	
9eb9adb|3949aef|f462397|2020-09-21 15:38:00 -0700|kationne@gmail.com|kat rivas|2020-09-21 15:38:00 -0700|kationne@gmail.com|kat rivas||will-this-work-this-time|will this work this time|	 1 file changed, 1 insertion(+), 1 deletion(-)	
f462397|e2d5805|d94c37f|2020-09-21 15:34:47 -0700|kationne@gmail.com|kat rivas|2020-09-21 15:34:47 -0700|kationne@gmail.com|kat rivas||updating-summary-stats-again-hopefully-works-this-time|updating summary stats again, hopefully works this time|	 2 files changed, 4 insertions(+), 2 deletions(-)	
d94c37f|6c9a317|56d8400|2020-09-21 15:30:36 -0700|kationne@gmail.com|kat rivas|2020-09-21 15:30:36 -0700|kationne@gmail.com|kat rivas||updated-summary-stats-again|updated summary stats again|	 1 file changed, 6 insertions(+), 6 deletions(-)	
56d8400|31aa955|fa74721|2020-09-21 15:27:01 -0700|kationne@gmail.com|kat rivas|2020-09-21 15:27:01 -0700|kationne@gmail.com|kat rivas||updated-summary-stats|updated summary-stats|	 4 files changed, 1611 insertions(+), 7 deletions(-)	
fa74721|5ac06d6|de900a2|2020-09-13 22:33:20 -0700|kationne@gmail.com|kat rivas|2020-09-13 22:33:20 -0700|kationne@gmail.com|kat rivas||week-3-functions|week 3 functions|	 9 files changed, 1186 insertions(+), 8 deletions(-)	
de900a2|ca8811c|e873e6d|2020-09-11 09:57:40 -0700|kationne@gmail.com|kat rivas|2020-09-11 09:57:40 -0700|kationne@gmail.com|kat rivas||week-3-homework|week 3 homework|	 8 files changed, 3987 insertions(+)	
e873e6d|a7749ae|955b672|2020-09-07 13:10:09 -0700|kationne@gmail.com|kat rivas|2020-09-07 13:10:09 -0700|kationne@gmail.com|kat rivas||personality-dataset|personality dataset|	 2 files changed, 1518 insertions(+)	
955b672|7cec23a||2020-09-07 12:16:35 -0700|70914237+kat-rivas@users.noreply.github.com|kat-rivas|2020-09-07 12:16:35 -0700|noreply@github.com|GitHub||Initial-commit|Initial commit|	 3 files changed, 61 insertions(+)	
