This is pdfTeX, Version 3.14159265-2.6-1.40.21 (MiKTeX 20.11) (preloaded format=pdflatex 2020.11.4)  14 DEC 2020 21:44
entering extended mode
**./my-final-will-v-denzel.tex
(my-final-will-v-denzel.tex
LaTeX2e <2020-10-01> patch level 2
L3 programming layer <2020-10-27> xparse <2020-03-03>
("C:\Users\Dorbs of Doom\AppData\Local\Programs\MiKTeX\tex/latex/base\article.c
ls"
Document Class: article 2020/04/10 v1.4m Standard LaTeX document class

("C:\Users\Dorbs of Doom\AppData\Local\Programs\MiKTeX\tex/latex/base\size10.cl
o"
File: size10.clo 2020/04/10 v1.4m Standard LaTeX file (size option)
)
\c@part=\count175
\c@section=\count176
\c@subsection=\count177
\c@subsubsection=\count178
\c@paragraph=\count179
\c@subparagraph=\count180
\c@figure=\count181
\c@table=\count182
\abovecaptionskip=\skip47
\belowcaptionskip=\skip48
\bibindent=\dimen138
)
("C:\Users\Dorbs of Doom\AppData\Local\Programs\MiKTeX\tex/latex/geometry\geome
try.sty"
Package: geometry 2020/01/02 v5.9 Page Geometry

("C:\Users\Dorbs of Doom\AppData\Local\Programs\MiKTeX\tex/latex/graphics\keyva
l.sty"
Package: keyval 2014/10/28 v1.15 key=value parser (DPC)
\KV@toks@=\toks15
)
("C:\Users\Dorbs of Doom\AppData\Local\Programs\MiKTeX\tex/generic/iftex\ifvtex
.sty"
Package: ifvtex 2019/10/25 v1.7 ifvtex legacy package. Use iftex instead.

("C:\Users\Dorbs of Doom\AppData\Local\Programs\MiKTeX\tex/generic/iftex\iftex.
sty"
Package: iftex 2020/03/06 v1.0d TeX engine tests
))
\Gm@cnth=\count183
\Gm@cntv=\count184
\c@Gm@tempcnt=\count185
\Gm@bindingoffset=\dimen139
\Gm@wd@mp=\dimen140
\Gm@odd@mp=\dimen141
\Gm@even@mp=\dimen142
\Gm@layoutwidth=\dimen143
\Gm@layoutheight=\dimen144
\Gm@layouthoffset=\dimen145
\Gm@layoutvoffset=\dimen146
\Gm@dimlist=\toks16

("C:\Users\Dorbs of Doom\AppData\Local\Programs\MiKTeX\tex/latex/geometry\geome
try.cfg"))
("C:\Users\Dorbs of Doom\AppData\Local\Programs\MiKTeX\tex/latex/graphics\color
.sty"
Package: color 2020/02/24 v1.2b Standard LaTeX Color (DPC)

("C:\Users\Dorbs of Doom\AppData\Local\Programs\MiKTeX\tex/latex/graphics-cfg\c
olor.cfg"
File: color.cfg 2016/01/02 v1.6 sample color configuration
)
Package color Info: Driver file: pdftex.def on input line 147.

("C:\Users\Dorbs of Doom\AppData\Local\Programs\MiKTeX\tex/latex/graphics-def\p
dftex.def"
File: pdftex.def 2020/10/05 v1.2a Graphics/color driver for pdftex
)) ("C:\Users\Dorbs of Doom\AppData\Local\Programs\MiKTeX\tex/latex/lm\lmodern.
sty"
Package: lmodern 2009/10/30 v1.6 Latin Modern Fonts
LaTeX Font Info:    Overwriting symbol font `operators' in version `normal'
(Font)                  OT1/cmr/m/n --> OT1/lmr/m/n on input line 22.
LaTeX Font Info:    Overwriting symbol font `letters' in version `normal'
(Font)                  OML/cmm/m/it --> OML/lmm/m/it on input line 23.
LaTeX Font Info:    Overwriting symbol font `symbols' in version `normal'
(Font)                  OMS/cmsy/m/n --> OMS/lmsy/m/n on input line 24.
LaTeX Font Info:    Overwriting symbol font `largesymbols' in version `normal'
(Font)                  OMX/cmex/m/n --> OMX/lmex/m/n on input line 25.
LaTeX Font Info:    Overwriting symbol font `operators' in version `bold'
(Font)                  OT1/cmr/bx/n --> OT1/lmr/bx/n on input line 26.
LaTeX Font Info:    Overwriting symbol font `letters' in version `bold'
(Font)                  OML/cmm/b/it --> OML/lmm/b/it on input line 27.
LaTeX Font Info:    Overwriting symbol font `symbols' in version `bold'
(Font)                  OMS/cmsy/b/n --> OMS/lmsy/b/n on input line 28.
LaTeX Font Info:    Overwriting symbol font `largesymbols' in version `bold'
(Font)                  OMX/cmex/m/n --> OMX/lmex/m/n on input line 29.
LaTeX Font Info:    Overwriting math alphabet `\mathbf' in version `normal'
(Font)                  OT1/cmr/bx/n --> OT1/lmr/bx/n on input line 31.
LaTeX Font Info:    Overwriting math alphabet `\mathsf' in version `normal'
(Font)                  OT1/cmss/m/n --> OT1/lmss/m/n on input line 32.
LaTeX Font Info:    Overwriting math alphabet `\mathit' in version `normal'
(Font)                  OT1/cmr/m/it --> OT1/lmr/m/it on input line 33.
LaTeX Font Info:    Overwriting math alphabet `\mathtt' in version `normal'
(Font)                  OT1/cmtt/m/n --> OT1/lmtt/m/n on input line 34.
LaTeX Font Info:    Overwriting math alphabet `\mathbf' in version `bold'
(Font)                  OT1/cmr/bx/n --> OT1/lmr/bx/n on input line 35.
LaTeX Font Info:    Overwriting math alphabet `\mathsf' in version `bold'
(Font)                  OT1/cmss/bx/n --> OT1/lmss/bx/n on input line 36.
LaTeX Font Info:    Overwriting math alphabet `\mathit' in version `bold'
(Font)                  OT1/cmr/bx/it --> OT1/lmr/bx/it on input line 37.
LaTeX Font Info:    Overwriting math alphabet `\mathtt' in version `bold'
(Font)                  OT1/cmtt/m/n --> OT1/lmtt/m/n on input line 38.
)
("C:\Users\Dorbs of Doom\AppData\Local\Programs\MiKTeX\tex/latex/base\fontenc.s
ty"
Package: fontenc 2020/08/10 v2.0s Standard LaTeX package
LaTeX Font Info:    Trying to load font information for T1+lmr on input line 11
2.
("C:\Users\Dorbs of Doom\AppData\Local\Programs\MiKTeX\tex/latex/lm\t1lmr.fd"
File: t1lmr.fd 2009/10/30 v1.6 Font defs for Latin Modern
))
("C:\Users\Dorbs of Doom\AppData\Local\Programs\MiKTeX\tex/latex/base\inputenc.
sty"
Package: inputenc 2020/08/01 v1.3d Input encoding file
\inpenc@prehook=\toks17
\inpenc@posthook=\toks18
)
("C:\Users\Dorbs of Doom\AppData\Local\Programs\MiKTeX\tex/latex/abstract\abstr
act.sty"
Package: abstract 2009/06/08 v1.2a configurable abstracts
\abstitleskip=\skip49
\absleftindent=\skip50
\absrightindent=\skip51
\absparindent=\skip52
\absparsep=\skip53
)
("C:\Users\Dorbs of Doom\AppData\Local\Programs\MiKTeX\tex/latex/titlesec\title
sec.sty"
Package: titlesec 2019/10/16 v2.13 Sectioning titles
\ttl@box=\box47
\beforetitleunit=\skip54
\aftertitleunit=\skip55
\ttl@plus=\dimen147
\ttl@minus=\dimen148
\ttl@toksa=\toks19
\titlewidth=\dimen149
\titlewidthlast=\dimen150
\titlewidthfirst=\dimen151
)
("C:\Users\Dorbs of Doom\AppData\Local\Programs\MiKTeX\tex/latex/environ\enviro
n.sty"
Package: environ 2014/05/04 v0.3 A new way to define environments

("C:\Users\Dorbs of Doom\AppData\Local\Programs\MiKTeX\tex/latex/trimspaces\tri
mspaces.sty"
Package: trimspaces 2009/09/17 v1.1 Trim spaces around a token list
)
\@envbody=\toks20
)
("C:\Users\Dorbs of Doom\AppData\Local\Programs\MiKTeX\tex/latex/natbib\natbib.
sty"
Package: natbib 2010/09/13 8.31b (PWD, AO)
\bibhang=\skip56
\bibsep=\skip57
LaTeX Info: Redefining \cite on input line 694.
\c@NAT@ctr=\count186
)
("C:\Users\Dorbs of Doom\AppData\Local\Programs\MiKTeX\tex/latex/underscore\und
erscore.sty"
Package: underscore 2006/09/13
LaTeX Info: Redefining \_ on input line 42.
)
\c@hypothesis=\count187

("C:\Users\Dorbs of Doom\AppData\Local\Programs\MiKTeX\tex/latex/setspace\setsp
ace.sty"
Package: setspace 2011/12/19 v6.7a set line spacing
)
("C:\Users\Dorbs of Doom\AppData\Local\Programs\MiKTeX\tex/latex/fancyhdr\fancy
hdr.sty"
Package: fancyhdr 2019/01/31 v3.10 Extensive control of page headers and footer
s
\f@nch@headwidth=\skip58
\f@nch@O@elh=\skip59
\f@nch@O@erh=\skip60
\f@nch@O@olh=\skip61
\f@nch@O@orh=\skip62
\f@nch@O@elf=\skip63
\f@nch@O@erf=\skip64
\f@nch@O@olf=\skip65
\f@nch@O@orf=\skip66
)
("C:\Users\Dorbs of Doom\AppData\Local\Programs\MiKTeX\tex/latex/lastpage\lastp
age.sty"
Package: lastpage 2015/03/29 v1.2m Refers to last page's name (HMM; JPG)
)
("C:\Users\Dorbs of Doom\AppData\Local\Programs\MiKTeX\tex/latex/tools\multicol
.sty"
Package: multicol 2019/12/09 v1.8y multicolumn formatting (FMi)
\c@tracingmulticols=\count188
\mult@box=\box48
\multicol@leftmargin=\dimen152
\c@unbalance=\count189
\c@collectmore=\count190
\doublecol@number=\count191
\multicoltolerance=\count192
\multicolpretolerance=\count193
\full@width=\dimen153
\page@free=\dimen154
\premulticols=\dimen155
\postmulticols=\dimen156
\multicolsep=\skip67
\multicolbaselineskip=\skip68
\partial@page=\box49
\last@line=\box50
\maxbalancingoverflow=\dimen157
\mult@rightbox=\box51
\mult@grightbox=\box52
\mult@gfirstbox=\box53
\mult@firstbox=\box54
\@tempa=\box55
\@tempa=\box56
\@tempa=\box57
\@tempa=\box58
\@tempa=\box59
\@tempa=\box60
\@tempa=\box61
\@tempa=\box62
\@tempa=\box63
\@tempa=\box64
\@tempa=\box65
\@tempa=\box66
\@tempa=\box67
\@tempa=\box68
\@tempa=\box69
\@tempa=\box70
\@tempa=\box71
\@tempa=\box72
\@tempa=\box73
\@tempa=\box74
\@tempa=\box75
\@tempa=\box76
\@tempa=\box77
\@tempa=\box78
\@tempa=\box79
\@tempa=\box80
\@tempa=\box81
\@tempa=\box82
\@tempa=\box83
\@tempa=\box84
\@tempa=\box85
\@tempa=\box86
\@tempa=\box87
\@tempa=\box88
\@tempa=\box89
\@tempa=\box90
\@tempa=\box91
\c@minrows=\count194
\c@columnbadness=\count195
\c@finalcolumnbadness=\count196
\last@try=\dimen158
\multicolovershoot=\dimen159
\multicolundershoot=\dimen160
\mult@nat@firstbox=\box92
\colbreak@box=\box93
\mc@col@check@num=\count197
)
("C:\Users\Dorbs of Doom\AppData\Local\Programs\MiKTeX\tex/latex/etoolbox\etool
box.sty"
Package: etoolbox 2020/10/05 v2.5k e-TeX tools for LaTeX (JAW)
\etb@tempcnta=\count198
)
("C:\Users\Dorbs of Doom\AppData\Local\Programs\MiKTeX\tex/generic/soul\soul.st
y"
Package: soul 2003/11/17 v2.4 letterspacing/underlining (mf)
\SOUL@word=\toks21
\SOUL@lasttoken=\toks22
\SOUL@cmds=\toks23
\SOUL@buffer=\toks24
\SOUL@token=\toks25
\SOUL@spaceskip=\skip69
\SOUL@ttwidth=\dimen161
\SOUL@uldp=\dimen162
\SOUL@ulht=\dimen163
) ("C:\Users\Dorbs of Doom\AppData\Local\Programs\MiKTeX\tex/latex/url\url.sty"
\Urlmuskip=\muskip16
Package: url 2013/09/16  ver 3.4  Verb mode for urls, etc.
)
("C:\Users\Dorbs of Doom\AppData\Local\Programs\MiKTeX\tex/latex/csquotes\csquo
tes.sty"
Package: csquotes 2019-12-06 v5.2j context-sensitive quotations (JAW)
\csq@reset=\count199
\csq@gtype=\count266
\csq@glevel=\count267
\csq@qlevel=\count268
\csq@maxlvl=\count269
\csq@tshold=\count270
\csq@ltx@everypar=\toks26

("C:\Users\Dorbs of Doom\AppData\Local\Programs\MiKTeX\tex/latex/csquotes\csquo
tes.def"
File: csquotes.def 2019-12-06 v5.2j csquotes generic definitions (JAW)
)
Package csquotes Info: Trying to load configuration file 'csquotes.cfg'...
Package csquotes Info: ... configuration file loaded successfully.

("C:\Users\Dorbs of Doom\AppData\Local\Programs\MiKTeX\tex/latex/csquotes\csquo
tes.cfg"
File: csquotes.cfg 
))
("C:\Users\Dorbs of Doom\AppData\Local\Programs\MiKTeX\tex/latex/graphics\rotat
ing.sty"
Package: rotating 2016/08/11 v2.16d rotated objects in LaTeX

("C:\Users\Dorbs of Doom\AppData\Local\Programs\MiKTeX\tex/latex/graphics\graph
icx.sty"
Package: graphicx 2020/09/09 v1.2b Enhanced LaTeX Graphics (DPC,SPQR)

("C:\Users\Dorbs of Doom\AppData\Local\Programs\MiKTeX\tex/latex/graphics\graph
ics.sty"
Package: graphics 2020/08/30 v1.4c Standard LaTeX Graphics (DPC,SPQR)

("C:\Users\Dorbs of Doom\AppData\Local\Programs\MiKTeX\tex/latex/graphics\trig.
sty"
Package: trig 2016/01/03 v1.10 sin cos tan (DPC)
)
("C:\Users\Dorbs of Doom\AppData\Local\Programs\MiKTeX\tex/latex/graphics-cfg\g
raphics.cfg"
File: graphics.cfg 2016/06/04 v1.11 sample graphics configuration
)
Package graphics Info: Driver file: pdftex.def on input line 105.
)
\Gin@req@height=\dimen164
\Gin@req@width=\dimen165
)
("C:\Users\Dorbs of Doom\AppData\Local\Programs\MiKTeX\tex/latex/base\ifthen.st
y"
Package: ifthen 2014/09/29 v1.1c Standard LaTeX ifthen package (DPC)
)
\c@r@tfl@t=\count271
\rotFPtop=\skip70
\rotFPbot=\skip71
\rot@float@box=\box94
\rot@mess@toks=\toks27
)
("C:\Users\Dorbs of Doom\AppData\Local\Programs\MiKTeX\tex/latex/caption\captio
n.sty"
Package: caption 2020/10/26 v3.5g Customizing captions (AR)

("C:\Users\Dorbs of Doom\AppData\Local\Programs\MiKTeX\tex/latex/caption\captio
n3.sty"
Package: caption3 2020/10/21 v2.2e caption3 kernel (AR)
\captionmargin=\dimen166
\captionmargin@=\dimen167
\captionwidth=\dimen168
\caption@tempdima=\dimen169
\caption@indent=\dimen170
\caption@parindent=\dimen171
\caption@hangindent=\dimen172
Package caption Info: Standard document class detected.
)
\c@caption@flags=\count272
\c@continuedfloat=\count273
Package caption Info: rotating package is loaded.
)
("C:\Users\Dorbs of Doom\AppData\Local\Programs\MiKTeX\tex/latex/booktabs\bookt
abs.sty"
Package: booktabs 2020/01/12 v1.61803398 Publication quality tables
\heavyrulewidth=\dimen173
\lightrulewidth=\dimen174
\cmidrulewidth=\dimen175
\belowrulesep=\dimen176
\belowbottomsep=\dimen177
\aboverulesep=\dimen178
\abovetopsep=\dimen179
\cmidrulesep=\dimen180
\cmidrulekern=\dimen181
\defaultaddspace=\dimen182
\@cmidla=\count274
\@cmidlb=\count275
\@aboverulesep=\dimen183
\@belowrulesep=\dimen184
\@thisruleclass=\count276
\@lastruleclass=\count277
\@thisrulewidth=\dimen185
)
("C:\Users\Dorbs of Doom\AppData\Local\Programs\MiKTeX\tex/latex/tools\tabularx
.sty"
Package: tabularx 2020/01/15 v2.11c `tabularx' package (DPC)

("C:\Users\Dorbs of Doom\AppData\Local\Programs\MiKTeX\tex/latex/tools\array.st
y"
Package: array 2019/08/31 v2.4l Tabular extension package (FMi)
\col@sep=\dimen186
\ar@mcellbox=\box95
\extrarowheight=\dimen187
\NC@list=\toks28
\extratabsurround=\skip72
\backup@length=\skip73
\ar@cellbox=\box96
)
\TX@col@width=\dimen188
\TX@old@table=\dimen189
\TX@old@col=\dimen190
\TX@target=\dimen191
\TX@delta=\dimen192
\TX@cols=\count278
\TX@ftn=\toks29
)
("C:\Users\Dorbs of Doom\AppData\Local\Programs\MiKTeX\tex/latex/tools\enumerat
e.sty"
Package: enumerate 2015/07/23 v3.00 enumerate extensions (DPC)
\@enLab=\toks30
)
("C:\Users\Dorbs of Doom\AppData\Local\Programs\MiKTeX\tex/latex/enumitem\enumi
tem.sty"
Package: enumitem 2019/06/20 v3.9 Customized lists
\labelindent=\skip74
\enit@outerparindent=\dimen193
\enit@toks=\toks31
\enit@inbox=\box97
\enit@count@id=\count279
\enitdp@description=\count280
)
("C:\Users\Dorbs of Doom\AppData\Local\Programs\MiKTeX\tex/latex/lineno\lineno.
sty"
Package: lineno 2005/11/02 line numbers on paragraphs v4.41
\linenopenalty=\count281
\output=\toks32
\linenoprevgraf=\count282
\linenumbersep=\dimen194
\linenumberwidth=\dimen195
\c@linenumber=\count283
\c@pagewiselinenumber=\count284
\c@LN@truepage=\count285
\c@internallinenumber=\count286
\c@internallinenumbers=\count287
\quotelinenumbersep=\dimen196
\bframerule=\dimen197
\bframesep=\dimen198
\bframebox=\box98

LaTeX Warning: Command \@parboxrestore  has changed.
               Check if current package is valid.

LaTeX Info: Redefining \\ on input line 3056.
)
("C:\Users\Dorbs of Doom\AppData\Local\Programs\MiKTeX\tex/latex/hanging\hangin
g.sty"
Package: hanging 2009/09/02 v1.2b hanging paragraphs and punctuation
\h@ngcommawd=\skip75
\h@ngfstopwd=\skip76
\h@ngquotewd=\skip77
\h@ngdquotewd=\skip78
\h@ngquerywd=\skip79
\h@ngexclwd=\skip80
\h@ngcolonwd=\skip81
\h@ngscolonwd=\skip82
)
("C:\Users\Dorbs of Doom\AppData\Local\Programs\MiKTeX\tex/latex/mathtools\math
tools.sty"
Package: mathtools 2020/03/24 v1.24 mathematical typesetting tools
("C:\Users\Dorbs of Doom\AppData\Local\Programs\MiKTeX\tex/latex/tools\calc.sty
"
Package: calc 2017/05/25 v4.3 Infix arithmetic (KKT,FJ)
\calc@Acount=\count288
\calc@Bcount=\count289
\calc@Adimen=\dimen199
\calc@Bdimen=\dimen256
\calc@Askip=\skip83
\calc@Bskip=\skip84
LaTeX Info: Redefining \setlength on input line 80.
LaTeX Info: Redefining \addtolength on input line 81.
\calc@Ccount=\count290
\calc@Cskip=\skip85
)
("C:\Users\Dorbs of Doom\AppData\Local\Programs\MiKTeX\tex/latex/mathtools\mhse
tup.sty"
Package: mhsetup 2017/03/31 v1.3 programming setup (MH)
)
("C:\Users\Dorbs of Doom\AppData\Local\Programs\MiKTeX\tex/latex/amsmath\amsmat
h.sty"
Package: amsmath 2020/09/23 v2.17i AMS math features
\@mathmargin=\skip86
For additional information on amsmath, use the `?' option.

("C:\Users\Dorbs of Doom\AppData\Local\Programs\MiKTeX\tex/latex/amsmath\amstex
t.sty"
Package: amstext 2000/06/29 v2.01 AMS text

("C:\Users\Dorbs of Doom\AppData\Local\Programs\MiKTeX\tex/latex/amsmath\amsgen
.sty"
File: amsgen.sty 1999/11/30 v2.0 generic functions
\@emptytoks=\toks33
\ex@=\dimen257
))
("C:\Users\Dorbs of Doom\AppData\Local\Programs\MiKTeX\tex/latex/amsmath\amsbsy
.sty"
Package: amsbsy 1999/11/29 v1.2d Bold Symbols
\pmbraise@=\dimen258
)
("C:\Users\Dorbs of Doom\AppData\Local\Programs\MiKTeX\tex/latex/amsmath\amsopn
.sty"
Package: amsopn 2016/03/08 v2.02 operator names
)
\inf@bad=\count291
LaTeX Info: Redefining \frac on input line 234.
\uproot@=\count292
\leftroot@=\count293
LaTeX Info: Redefining \overline on input line 399.
\classnum@=\count294
\DOTSCASE@=\count295
LaTeX Info: Redefining \ldots on input line 496.
LaTeX Info: Redefining \dots on input line 499.
LaTeX Info: Redefining \cdots on input line 620.
\Mathstrutbox@=\box99
\strutbox@=\box100
\big@size=\dimen259
LaTeX Font Info:    Redeclaring font encoding OML on input line 743.
LaTeX Font Info:    Redeclaring font encoding OMS on input line 744.
\macc@depth=\count296
\c@MaxMatrixCols=\count297
\dotsspace@=\muskip17
\c@parentequation=\count298
\dspbrk@lvl=\count299
\tag@help=\toks34
\row@=\count300
\column@=\count301
\maxfields@=\count302
\andhelp@=\toks35
\eqnshift@=\dimen260
\alignsep@=\dimen261
\tagshift@=\dimen262
\tagwidth@=\dimen263
\totwidth@=\dimen264
\lineht@=\dimen265
\@envbody=\toks36
\multlinegap=\skip87
\multlinetaggap=\skip88
\mathdisplay@stack=\toks37
LaTeX Info: Redefining \[ on input line 2923.
LaTeX Info: Redefining \] on input line 2924.
)
LaTeX Info: Thecontrolsequence`\('isalreadyrobust on input line 130.
LaTeX Info: Thecontrolsequence`\)'isalreadyrobust on input line 130.
LaTeX Info: Thecontrolsequence`\['isalreadyrobust on input line 130.
LaTeX Info: Thecontrolsequence`\]'isalreadyrobust on input line 130.
\g_MT_multlinerow_int=\count303
\l_MT_multwidth_dim=\dimen266
\origjot=\skip89
\l_MT_shortvdotswithinadjustabove_dim=\dimen267
\l_MT_shortvdotswithinadjustbelow_dim=\dimen268
\l_MT_above_intertext_sep=\dimen269
\l_MT_below_intertext_sep=\dimen270
\l_MT_above_shortintertext_sep=\dimen271
\l_MT_below_shortintertext_sep=\dimen272
\xmathstrut@box=\box101
\xmathstrut@dim=\dimen273
) ("C:\Users\Dorbs of Doom\AppData\Local\Programs\MiKTeX\tex/latex/tools\bm.sty
"
Package: bm 2019/07/24 v1.2d Bold Symbol Support (DPC/FMi)
\symboldoperators=\mathgroup4
\symboldletters=\mathgroup5
\symboldsymbols=\mathgroup6
LaTeX Font Info:    Redeclaring math alphabet \mathbf on input line 141.
LaTeX Info: Redefining \bm on input line 209.
)
("C:\Users\Dorbs of Doom\AppData\Local\Programs\MiKTeX\tex/latex/scalerel\scale
rel.sty"
Package: scalerel 2016/12/29 v1.8 Routines for constrained scaling and stretchi
ng of objects, relative to a reference object or in absolute terms
\thesrwidth=\skip90
\thesrheight=\skip91
\srblobheight=\skip92
\srblobdepth=\skip93
\mnxsrwidth=\skip94
\LMex=\skip95
\LMpt=\skip96
)
("C:\Users\Dorbs of Doom\AppData\Local\Programs\MiKTeX\tex/latex/endnotes\endno
tes.sty"
Package: endnotes 2020-01-02 endnotes package
\c@endnote=\count304
\endnotesep=\dimen274
\@enotes=\write3
)
("C:\Users\Dorbs of Doom\AppData\Local\Programs\MiKTeX\tex/latex/caption\subcap
tion.sty"
Package: subcaption 2020/10/07 v1.3j Sub-captions (AR)
\c@subfigure=\count305
\c@subtable=\count306
)
("C:\Users\Dorbs of Doom\AppData\Local\Programs\MiKTeX\tex/latex/hyperref\hyper
ref.sty"
Package: hyperref 2020-05-15 v7.00e Hypertext links for LaTeX

("C:\Users\Dorbs of Doom\AppData\Local\Programs\MiKTeX\tex/generic/ltxcmds\ltxc
mds.sty"
Package: ltxcmds 2020-05-10 v1.25 LaTeX kernel commands for general use (HO)
)
("C:\Users\Dorbs of Doom\AppData\Local\Programs\MiKTeX\tex/generic/pdftexcmds\p
dftexcmds.sty"
Package: pdftexcmds 2020-06-27 v0.33 Utility functions of pdfTeX for LuaTeX (HO
)

("C:\Users\Dorbs of Doom\AppData\Local\Programs\MiKTeX\tex/generic/infwarerr\in
fwarerr.sty"
Package: infwarerr 2019/12/03 v1.5 Providing info/warning/error messages (HO)
)
Package pdftexcmds Info: \pdf@primitive is available.
Package pdftexcmds Info: \pdf@ifprimitive is available.
Package pdftexcmds Info: \pdfdraftmode found.
)
("C:\Users\Dorbs of Doom\AppData\Local\Programs\MiKTeX\tex/generic/kvsetkeys\kv
setkeys.sty"
Package: kvsetkeys 2019/12/15 v1.18 Key value parser (HO)
)
("C:\Users\Dorbs of Doom\AppData\Local\Programs\MiKTeX\tex/generic/kvdefinekeys
\kvdefinekeys.sty"
Package: kvdefinekeys 2019-12-19 v1.6 Define keys (HO)
)
("C:\Users\Dorbs of Doom\AppData\Local\Programs\MiKTeX\tex/generic/pdfescape\pd
fescape.sty"
Package: pdfescape 2019/12/09 v1.15 Implements pdfTeX's escape features (HO)
)
("C:\Users\Dorbs of Doom\AppData\Local\Programs\MiKTeX\tex/latex/hycolor\hycolo
r.sty"
Package: hycolor 2020-01-27 v1.10 Color options for hyperref/bookmark (HO)
)
("C:\Users\Dorbs of Doom\AppData\Local\Programs\MiKTeX\tex/latex/letltxmacro\le
tltxmacro.sty"
Package: letltxmacro 2019/12/03 v1.6 Let assignment for LaTeX macros (HO)
)
("C:\Users\Dorbs of Doom\AppData\Local\Programs\MiKTeX\tex/latex/auxhook\auxhoo
k.sty"
Package: auxhook 2019-12-17 v1.6 Hooks for auxiliary files (HO)
)
("C:\Users\Dorbs of Doom\AppData\Local\Programs\MiKTeX\tex/latex/kvoptions\kvop
tions.sty"
Package: kvoptions 2019/11/29 v3.13 Key value format for package options (HO)
)
\@linkdim=\dimen275
\Hy@linkcounter=\count307
\Hy@pagecounter=\count308

("C:\Users\Dorbs of Doom\AppData\Local\Programs\MiKTeX\tex/latex/hyperref\pd1en
c.def"
File: pd1enc.def 2020-05-15 v7.00e Hyperref: PDFDocEncoding definition (HO)
Now handling font encoding PD1 ...
... no UTF-8 mapping file for font encoding PD1
)
("C:\Users\Dorbs of Doom\AppData\Local\Programs\MiKTeX\tex/generic/intcalc\intc
alc.sty"
Package: intcalc 2019/12/15 v1.3 Expandable calculations with integers (HO)
)
("C:\Users\Dorbs of Doom\AppData\Local\Programs\MiKTeX\tex/generic/etexcmds\ete
xcmds.sty"
Package: etexcmds 2019/12/15 v1.7 Avoid name clashes with e-TeX commands (HO)
)
\Hy@SavedSpaceFactor=\count309
Package hyperref Info: Option `draft' set `true' on input line 4338.
Package hyperref Info: Option `unicode' set `true' on input line 4338.

("C:\Users\Dorbs of Doom\AppData\Local\Programs\MiKTeX\tex/latex/hyperref\puenc
.def"
File: puenc.def 2020-05-15 v7.00e Hyperref: PDF Unicode definition (HO)
Now handling font encoding PU ...
... no UTF-8 mapping file for font encoding PU
)
Package hyperref Info: Hyper figures OFF on input line 4464.
Package hyperref Info: Link nesting OFF on input line 4469.
Package hyperref Info: Hyper index ON on input line 4472.
Package hyperref Info: Plain pages OFF on input line 4479.
Package hyperref Info: Backreferencing OFF on input line 4484.
Package hyperref Info: Implicit mode ON; LaTeX internals redefined.
Package hyperref Info: Bookmarks ON on input line 4717.
\c@Hy@tempcnt=\count310
LaTeX Info: Redefining \url on input line 5076.
\XeTeXLinkMargin=\dimen276

("C:\Users\Dorbs of Doom\AppData\Local\Programs\MiKTeX\tex/generic/bitset\bitse
t.sty"
Package: bitset 2019/12/09 v1.3 Handle bit-vector datatype (HO)

("C:\Users\Dorbs of Doom\AppData\Local\Programs\MiKTeX\tex/generic/bigintcalc\b
igintcalc.sty"
Package: bigintcalc 2019/12/15 v1.5 Expandable calculations on big integers (HO
)
))
\Fld@menulength=\count311
\Field@Width=\dimen277
\Fld@charsize=\dimen278
Package hyperref Info: Hyper figures OFF on input line 6347.
Package hyperref Info: Link nesting OFF on input line 6352.
Package hyperref Info: Hyper index ON on input line 6355.
Package hyperref Info: backreferencing OFF on input line 6362.
Package hyperref Info: Link coloring OFF on input line 6367.
Package hyperref Info: Link coloring with OCG OFF on input line 6372.
Package hyperref Info: PDF/A mode OFF on input line 6377.
LaTeX Info: Redefining \ref on input line 6417.
LaTeX Info: Redefining \pageref on input line 6421.

("C:\Users\Dorbs of Doom\AppData\Local\Programs\MiKTeX\tex/latex/base\atbegshi-
ltx.sty"
Package: atbegshi-ltx 2020/08/17 v1.0a Emulation of the original atbegshi packa
ge
with kernel methods
)
\Hy@abspage=\count312
\c@Item=\count313
\c@Hfootnote=\count314
)
Package hyperref Info: Driver (autodetected): hpdftex.

("C:\Users\Dorbs of Doom\AppData\Local\Programs\MiKTeX\tex/latex/hyperref\hpdft
ex.def"
File: hpdftex.def 2020-05-15 v7.00e Hyperref driver for pdfTeX

("C:\Users\Dorbs of Doom\AppData\Local\Programs\MiKTeX\tex/latex/base\atveryend
-ltx.sty"
Package: atveryend-ltx 2020/08/19 v1.0a Emulation of the original atvery packag
e
with kernel methods
)
\Fld@listcount=\count315
\c@bookmark@seq@number=\count316

("C:\Users\Dorbs of Doom\AppData\Local\Programs\MiKTeX\tex/latex/rerunfilecheck
\rerunfilecheck.sty"
Package: rerunfilecheck 2019/12/05 v1.9 Rerun checks for auxiliary files (HO)

("C:\Users\Dorbs of Doom\AppData\Local\Programs\MiKTeX\tex/generic/uniquecounte
r\uniquecounter.sty"
Package: uniquecounter 2019/12/15 v1.4 Provide unlimited unique counter (HO)
)
Package uniquecounter Info: New unique counter `rerunfilecheck' on input line 2
86.
)
\Hy@SectionHShift=\skip97
)
Package hyperref Info: Option `breaklinks' set `true' on input line 251.

Package hyperref Warning: Option `bookmarks' has already been used,
(hyperref)                setting the option has no effect on input line 251.

Package hyperref Info: Option `colorlinks' set `true' on input line 251.

("C:\Users\Dorbs of Doom\AppData\Local\Programs\MiKTeX\tex/latex/placeins\place
ins.sty"
Package: placeins 2005/04/18  v 2.2
)
Package csquotes Info: Checking for multilingual support...
Package csquotes Info: ... none found.

("C:\Users\Dorbs of Doom\AppData\Local\Programs\MiKTeX\tex/latex/l3backend\l3ba
ckend-pdftex.def"
File: l3backend-pdftex.def 2020-09-24 L3 backend support: PDF output (pdfTeX)
\l__kernel_color_stack_int=\count317
\l__pdf_internal_box=\box102
) (my-final-will-v-denzel.aux)
\openout1 = `my-final-will-v-denzel.aux'.

LaTeX Font Info:    Checking defaults for OML/cmm/m/it on input line 279.
LaTeX Font Info:    ... okay on input line 279.
LaTeX Font Info:    Checking defaults for OMS/cmsy/m/n on input line 279.
LaTeX Font Info:    ... okay on input line 279.
LaTeX Font Info:    Checking defaults for OT1/cmr/m/n on input line 279.
LaTeX Font Info:    ... okay on input line 279.
LaTeX Font Info:    Checking defaults for T1/cmr/m/n on input line 279.
LaTeX Font Info:    ... okay on input line 279.
LaTeX Font Info:    Checking defaults for TS1/cmr/m/n on input line 279.
LaTeX Font Info:    ... okay on input line 279.
LaTeX Font Info:    Checking defaults for OMX/cmex/m/n on input line 279.
LaTeX Font Info:    ... okay on input line 279.
LaTeX Font Info:    Checking defaults for U/cmr/m/n on input line 279.
LaTeX Font Info:    ... okay on input line 279.
LaTeX Font Info:    Checking defaults for PD1/pdf/m/n on input line 279.
LaTeX Font Info:    ... okay on input line 279.
LaTeX Font Info:    Checking defaults for PU/pdf/m/n on input line 279.
LaTeX Font Info:    ... okay on input line 279.
*geometry* driver: auto-detecting
*geometry* detected driver: pdftex
*geometry* verbose mode - [ preamble ] result:
* driver: pdftex
* paper: <default>
* layout: <same size as paper>
* layoutoffset:(h,v)=(0.0pt,0.0pt)
* modes: 
* h-part:(L,W,R)=(72.26999pt, 469.75502pt, 72.26999pt)
* v-part:(T,H,B)=(72.26999pt, 650.43001pt, 72.26999pt)
* \paperwidth=614.295pt
* \paperheight=794.96999pt
* \textwidth=469.75502pt
* \textheight=650.43001pt
* \oddsidemargin=0.0pt
* \evensidemargin=0.0pt
* \topmargin=-37.0pt
* \headheight=12.0pt
* \headsep=25.0pt
* \topskip=10.0pt
* \footskip=30.0pt
* \marginparwidth=65.0pt
* \marginparsep=11.0pt
* \columnsep=10.0pt
* \skip\footins=9.0pt plus 4.0pt minus 2.0pt
* \hoffset=0.0pt
* \voffset=0.0pt
* \mag=1000
* \@twocolumnfalse
* \@twosidefalse
* \@mparswitchfalse
* \@reversemarginfalse
* (1in=72.27pt=25.4mm, 1cm=28.453pt)


("C:\Users\Dorbs of Doom\AppData\Local\Programs\MiKTeX\tex/context/base/mkii\su
pp-pdf.mkii"
[Loading MPS to PDF converter (version 2006.09.02).]
\scratchcounter=\count318
\scratchdimen=\dimen279
\scratchbox=\box103
\nofMPsegments=\count319
\nofMParguments=\count320
\everyMPshowfont=\toks38
\MPscratchCnt=\count321
\MPscratchDim=\dimen280
\MPnumerator=\count322
\makeMPintoPDFobject=\count323
\everyMPtoPDFconversion=\toks39
)
("C:\Users\Dorbs of Doom\AppData\Local\Programs\MiKTeX\tex/latex/epstopdf-pkg\e
pstopdf-base.sty"
Package: epstopdf-base 2020-01-24 v2.11 Base part for package epstopdf

("C:\Users\Dorbs of Doom\AppData\Local\Programs\MiKTeX\tex/latex/grfext\grfext.
sty"
Package: grfext 2019/12/03 v1.3 Manage graphics extensions (HO)
)
Package epstopdf-base Info: Redefining graphics rule for `.eps' on input line 4
85.
Package grfext Info: Graphics extension search list:
(grfext)             [.pdf,.png,.jpg,.mps,.jpeg,.jbig2,.jb2,.PDF,.PNG,.JPG,.JPE
G,.JBIG2,.JB2,.eps]
(grfext)             \AppendGraphicsExtensions on input line 504.
)
Package lastpage Info: Please have a look at the pageslts package at
(lastpage)             https://www.ctan.org/pkg/pageslts
(lastpage)             ! on input line 279.
Package caption Info: Begin \AtBeginDocument code.
Package caption Info: hyperref package is loaded.
Package caption Info: End \AtBeginDocument code.

Package hyperref Warning: Draft mode on.

Package hyperref Info: Link coloring ON on input line 279.

("C:\Users\Dorbs of Doom\AppData\Local\Programs\MiKTeX\tex/latex/hyperref\namer
ef.sty"
Package: nameref 2019/09/16 v2.46 Cross-referencing by name of section

("C:\Users\Dorbs of Doom\AppData\Local\Programs\MiKTeX\tex/latex/refcount\refco
unt.sty"
Package: refcount 2019/12/15 v3.6 Data extraction from label references (HO)
)
("C:\Users\Dorbs of Doom\AppData\Local\Programs\MiKTeX\tex/generic/gettitlestri
ng\gettitlestring.sty"
Package: gettitlestring 2019/12/15 v1.6 Cleanup title references (HO)
)
\c@section@level=\count324
)
LaTeX Info: Redefining \ref on input line 279.
LaTeX Info: Redefining \pageref on input line 279.
LaTeX Info: Redefining \nameref on input line 279.
LaTeX Font Info:    Trying to load font information for T1+phv on input line 29
6.

("C:\Users\Dorbs of Doom\AppData\Local\Programs\MiKTeX\tex/latex/psnfss\t1phv.f
d"
File: t1phv.fd 2020/03/25 scalable font definitions for T1/phv.
)
LaTeX Font Info:    Font shape `T1/phv/bx/n' in size <11> not available
(Font)              Font shape `T1/phv/b/n' tried instead on input line 296.
LaTeX Font Info:    Trying to load font information for OT1+lmr on input line 3
21.
("C:\Users\Dorbs of Doom\AppData\Local\Programs\MiKTeX\tex/latex/lm\ot1lmr.fd"
File: ot1lmr.fd 2009/10/30 v1.6 Font defs for Latin Modern
)
LaTeX Font Info:    Trying to load font information for OML+lmm on input line 3
21.
("C:\Users\Dorbs of Doom\AppData\Local\Programs\MiKTeX\tex/latex/lm\omllmm.fd"
File: omllmm.fd 2009/10/30 v1.6 Font defs for Latin Modern
)
LaTeX Font Info:    Trying to load font information for OMS+lmsy on input line 
321.
("C:\Users\Dorbs of Doom\AppData\Local\Programs\MiKTeX\tex/latex/lm\omslmsy.fd"
File: omslmsy.fd 2009/10/30 v1.6 Font defs for Latin Modern
)
LaTeX Font Info:    Trying to load font information for OMX+lmex on input line 
321.
("C:\Users\Dorbs of Doom\AppData\Local\Programs\MiKTeX\tex/latex/lm\omxlmex.fd"
File: omxlmex.fd 2009/10/30 v1.6 Font defs for Latin Modern
)
LaTeX Font Info:    External font `lmex10' loaded for size
(Font)              <10> on input line 321.
LaTeX Font Info:    External font `lmex10' loaded for size
(Font)              <7> on input line 321.
LaTeX Font Info:    External font `lmex10' loaded for size
(Font)              <5> on input line 321.
[1

{C:/Users/Dorbs of Doom/AppData/Local/MiKTeX/pdftex/config/pdftex.map}] [2] [3]

Overfull \hbox (49.09671pt too wide) in paragraph at lines 580--605
[]| []
 []

[4]
<figures/boxplot.png, id=26, 526.96875pt x 325.215pt>
File: figures/boxplot.png Graphic file (type png)
<use figures/boxplot.png>
Package pdftex.def Info: figures/boxplot.png  used on input line 682.
(pdftex.def)             Requested size: 469.75502pt x 289.92178pt.

Overfull \hbox (6.66666pt too wide) in paragraph at lines 682--683
 [] 
 []

[5 <./figures/boxplot.png>] [6]

Package endnotes Warning: No endnotes found (file my-final-will-v-denzel.ent do
es not exist)
(endnotes)                 on input line 728.

[7] (my-final-will-v-denzel.bbl) [8] (my-final-will-v-denzel.toc)
\tf@toc=\write4
\openout4 = `my-final-will-v-denzel.toc'.


AED: lastpage setting LastPage
[9] (my-final-will-v-denzel.aux) ) 
Here is how much of TeX's memory you used:
 14801 strings out of 479799
 226964 string characters out of 2865885
 547317 words of memory out of 3000000
 31525 multiletter control sequences out of 15000+200000
 587722 words of font info for 59 fonts, out of 3000000 for 9000
 1141 hyphenation exceptions out of 8191
 79i,12n,84p,786b,387s stack positions out of 5000i,500n,10000p,200000b,50000s
{C:/Users/Dorbs of Doom/AppData/Local/Program
s/MiKTeX/fonts/enc/dvips/lm/lm-rm.enc}{C:/Users/Dorbs of Doom/AppData/Local/Pro
grams/MiKTeX/fonts/enc/dvips/lm/lm-mathsy.enc}{C:/Users/Dorbs of Doom/AppData/L
ocal/Programs/MiKTeX/fonts/enc/dvips/lm/lm-mathex.enc}{C:/Users/Dorbs of Doom/A
ppData/Local/Programs/MiKTeX/fonts/enc/dvips/lm/lm-mathit.enc}{C:/Users/Dorbs o
f Doom/AppData/Local/Programs/MiKTeX/fonts/enc/dvips/lm/lm-ec.enc}{C:/Users/Dor
bs of Doom/AppData/Local/Programs/MiKTeX/fonts/enc/dvips/base/8r.enc}<C:/Users/
Dorbs of Doom/AppData/Local/Programs/MiKTeX/fonts/type1/public/lm/lmbx10.pfb><C
:/Users/Dorbs of Doom/AppData/Local/Programs/MiKTeX/fonts/type1/public/lm/lmbx1
2.pfb><C:/Users/Dorbs of Doom/AppData/Local/Programs/MiKTeX/fonts/type1/public/
lm/lmbxi10.pfb><C:/Users/Dorbs of Doom/AppData/Local/Programs/MiKTeX/fonts/type
1/public/lm/lmex10.pfb><C:/Users/Dorbs of Doom/AppData/Local/Programs/MiKTeX/fo
nts/type1/public/lm/lmmi10.pfb><C:/Users/Dorbs of Doom/AppData/Local/Programs/M
iKTeX/fonts/type1/public/lm/lmmi7.pfb><C:/Users/Dorbs of Doom/AppData/Local/Pro
grams/MiKTeX/fonts/type1/public/lm/lmr10.pfb><C:/Users/Dorbs of Doom/AppData/Lo
cal/Programs/MiKTeX/fonts/type1/public/lm/lmr7.pfb><C:/Users/Dorbs of Doom/AppD
ata/Local/Programs/MiKTeX/fonts/type1/public/lm/lmri9.pfb><C:/Users/Dorbs of Do
om/AppData/Local/Programs/MiKTeX/fonts/type1/public/lm/lmsy7.pfb><C:/Users/Dorb
s of Doom/AppData/Local/Programs/MiKTeX/fonts/type1/urw/helvetic/uhvb8a.pfb>
Output written on my-final-will-v-denzel.pdf (9 pages, 189639 bytes).
PDF statistics:
 88 PDF objects out of 1000 (max. 8388607)
 0 named destinations out of 1000 (max. 500000)
 12 words of extra memory for PDF output out of 10000 (max. 10000000)

